{"_kind": "session_meta", "schema": 1, "session_name": "synthetic-arduino-sensors_20260508_091000", "created_at": "2026-05-08T09:10:00.000Z", "source": "synthetic-from-arduino-sketch", "note": "Synthetic Arduino sensor replay for local persistence smoke tests without hardware.", "ccuVersion": "unknown", "ccuVersionSource": "unavailable", "sessionRecorderVersion": "1.5.0"}
{"topic":"osf/arduino/vibration/mpu6050-1/connection","payload":"{\"connectionState\":\"ONLINE\",\"ip\":\"192.168.0.95\",\"serialNumber\":\"mpu6050-1\"}","timestamp":"2026-05-08T09:10:00.000Z","qos":1,"retain":true}
{"topic":"osf/arduino/vibration/sw420-1/connection","payload":"{\"connectionState\":\"ONLINE\",\"ip\":\"192.168.0.95\",\"serialNumber\":\"sw420-1\"}","timestamp":"2026-05-08T09:10:00.100Z","qos":1,"retain":true}
{"topic":"osf/arduino/temperature/dht11-1/connection","payload":"{\"connectionState\":\"ONLINE\",\"ip\":\"192.168.0.95\",\"serialNumber\":\"dht11-1\"}","timestamp":"2026-05-08T09:10:00.200Z","qos":1,"retain":true}
{"topic":"osf/arduino/flame/flame-1/connection","payload":"{\"connectionState\":\"ONLINE\",\"ip\":\"192.168.0.95\",\"serialNumber\":\"flame-1\"}","timestamp":"2026-05-08T09:10:00.300Z","qos":1,"retain":true}
{"topic":"osf/arduino/gas/mq2-1/connection","payload":"{\"connectionState\":\"ONLINE\",\"ip\":\"192.168.0.95\",\"serialNumber\":\"mq2-1\"}","timestamp":"2026-05-08T09:10:00.400Z","qos":1,"retain":true}
{"topic":"osf/arduino/vibration/mpu6050-1/state","payload":"{\"vibrationLevel\":\"green\",\"vibrationDetected\":false,\"magnitude\":16500,\"timestamp\":\"2026-05-08T09:10:01.000Z\"}","timestamp":"2026-05-08T09:10:01.000Z","qos":1,"retain":true}
{"topic":"osf/arduino/vibration/sw420-1/state","payload":"{\"vibrationDetected\":false,\"impulseCount\":0,\"timestamp\":\"2026-05-08T09:10:01.100Z\"}","timestamp":"2026-05-08T09:10:01.100Z","qos":1,"retain":true}
{"topic":"osf/arduino/temperature/dht11-1/state","payload":"{\"temperature\":24.8,\"humidity\":48.5,\"temperatureUnit\":\"C\",\"humidityUnit\":\"%\",\"timestamp\":\"2026-05-08T09:10:01.200Z\"}","timestamp":"2026-05-08T09:10:01.200Z","qos":1,"retain":true}
{"topic":"osf/arduino/flame/flame-1/state","payload":"{\"flameDetected\":false,\"rawValue\":912,\"timestamp\":\"2026-05-08T09:10:01.300Z\"}","timestamp":"2026-05-08T09:10:01.300Z","qos":1,"retain":true}
{"topic":"osf/arduino/gas/mq2-1/state","payload":"{\"gasDetected\":false,\"gasLevel\":0,\"rawValue\":223,\"timestamp\":\"2026-05-08T09:10:01.400Z\"}","timestamp":"2026-05-08T09:10:01.400Z","qos":1,"retain":true}
{"topic":"osf/arduino/vibration/mpu6050-1/state","payload":"{\"vibrationLevel\":\"yellow\",\"vibrationDetected\":true,\"magnitude\":21800,\"timestamp\":\"2026-05-08T09:10:04.000Z\"}","timestamp":"2026-05-08T09:10:04.000Z","qos":1,"retain":true}
{"topic":"osf/arduino/vibration/sw420-1/state","payload":"{\"vibrationDetected\":true,\"impulseCount\":6,\"timestamp\":\"2026-05-08T09:10:04.100Z\"}","timestamp":"2026-05-08T09:10:04.100Z","qos":1,"retain":true}
{"topic":"osf/arduino/gas/mq2-1/state","payload":"{\"gasDetected\":true,\"gasLevel\":1,\"rawValue\":472,\"timestamp\":\"2026-05-08T09:10:04.200Z\"}","timestamp":"2026-05-08T09:10:04.200Z","qos":1,"retain":true}
{"topic":"osf/arduino/temperature/dht11-1/state","payload":"{\"temperature\":31.4,\"humidity\":66.1,\"temperatureUnit\":\"C\",\"humidityUnit\":\"%\",\"timestamp\":\"2026-05-08T09:10:04.300Z\"}","timestamp":"2026-05-08T09:10:04.300Z","qos":1,"retain":true}
{"topic":"osf/arduino/flame/flame-1/state","payload":"{\"flameDetected\":true,\"rawValue\":121,\"timestamp\":\"2026-05-08T09:10:04.400Z\"}","timestamp":"2026-05-08T09:10:04.400Z","qos":1,"retain":true}
{"topic":"osf/arduino/vibration/mpu6050-1/state","payload":"{\"vibrationLevel\":\"red\",\"vibrationDetected\":true,\"magnitude\":38750,\"timestamp\":\"2026-05-08T09:10:07.000Z\"}","timestamp":"2026-05-08T09:10:07.000Z","qos":1,"retain":true}
{"topic":"osf/arduino/vibration/sw420-1/state","payload":"{\"vibrationDetected\":true,\"impulseCount\":18,\"timestamp\":\"2026-05-08T09:10:07.100Z\"}","timestamp":"2026-05-08T09:10:07.100Z","qos":1,"retain":true}
{"topic":"osf/arduino/gas/mq2-1/state","payload":"{\"gasDetected\":true,\"gasLevel\":2,\"rawValue\":782,\"timestamp\":\"2026-05-08T09:10:07.200Z\"}","timestamp":"2026-05-08T09:10:07.200Z","qos":1,"retain":true}
{"topic":"osf/arduino/temperature/dht11-1/state","payload":"{\"temperature\":36.8,\"humidity\":84.2,\"temperatureUnit\":\"C\",\"humidityUnit\":\"%\",\"timestamp\":\"2026-05-08T09:10:07.300Z\"}","timestamp":"2026-05-08T09:10:07.300Z","qos":1,"retain":true}
{"topic":"osf/arduino/flame/flame-1/state","payload":"{\"flameDetected\":false,\"rawValue\":888,\"timestamp\":\"2026-05-08T09:10:07.400Z\"}","timestamp":"2026-05-08T09:10:07.400Z","qos":1,"retain":true}
{"topic":"osf/arduino/vibration/mpu6050-1/state","payload":"{\"vibrationLevel\":\"yellow\",\"vibrationDetected\":true,\"magnitude\":24100,\"reason\":\"EVENT\",\"timestamp\":\"2026-05-08T09:10:10.000Z\"}","timestamp":"2026-05-08T09:10:10.000Z","qos":1,"retain":true}
{"topic":"osf/arduino/vibration/sw420-1/state","payload":"{\"vibrationDetected\":true,\"impulseCount\":24,\"reason\":\"EVENT\",\"timestamp\":\"2026-05-08T09:10:10.100Z\"}","timestamp":"2026-05-08T09:10:10.100Z","qos":1,"retain":true}
{"topic":"osf/arduino/gas/mq2-1/state","payload":"{\"gasDetected\":true,\"gasLevel\":2,\"rawValue\":901,\"reason\":\"THRESHOLD\",\"timestamp\":\"2026-05-08T09:10:10.200Z\"}","timestamp":"2026-05-08T09:10:10.200Z","qos":1,"retain":true}
{"topic":"osf/arduino/temperature/dht11-1/state","payload":"{\"temperature\":38.2,\"humidity\":88.1,\"temperatureUnit\":\"C\",\"humidityUnit\":\"%\",\"reason\":\"THRESHOLD\",\"timestamp\":\"2026-05-08T09:10:10.300Z\"}","timestamp":"2026-05-08T09:10:10.300Z","qos":1,"retain":true}
{"topic":"osf/arduino/flame/flame-1/state","payload":"{\"flameDetected\":true,\"rawValue\":92,\"reason\":\"THRESHOLD\",\"timestamp\":\"2026-05-08T09:10:10.400Z\"}","timestamp":"2026-05-08T09:10:10.400Z","qos":1,"retain":true}
{"topic":"osf/arduino/vibration/mpu6050-1/state","payload":"{\"vibrationLevel\":\"green\",\"vibrationDetected\":false,\"magnitude\":15800,\"reason\":\"INTERVAL\",\"timestamp\":\"2026-05-08T09:10:30.000Z\"}","timestamp":"2026-05-08T09:10:30.000Z","qos":1,"retain":true}
{"topic":"osf/arduino/vibration/sw420-1/state","payload":"{\"vibrationDetected\":false,\"impulseCount\":24,\"reason\":\"INTERVAL\",\"timestamp\":\"2026-05-08T09:10:30.100Z\"}","timestamp":"2026-05-08T09:10:30.100Z","qos":1,"retain":true}
{"topic":"osf/arduino/gas/mq2-1/state","payload":"{\"gasDetected\":false,\"gasLevel\":0,\"rawValue\":256,\"reason\":\"INTERVAL\",\"timestamp\":\"2026-05-08T09:10:30.200Z\"}","timestamp":"2026-05-08T09:10:30.200Z","qos":1,"retain":true}
{"topic":"osf/arduino/temperature/dht11-1/state","payload":"{\"temperature\":25.6,\"humidity\":50.2,\"temperatureUnit\":\"C\",\"humidityUnit\":\"%\",\"reason\":\"INTERVAL\",\"timestamp\":\"2026-05-08T09:10:30.300Z\"}","timestamp":"2026-05-08T09:10:30.300Z","qos":1,"retain":true}
{"topic":"osf/arduino/flame/flame-1/state","payload":"{\"flameDetected\":false,\"rawValue\":905,\"reason\":\"INTERVAL\",\"timestamp\":\"2026-05-08T09:10:30.400Z\"}","timestamp":"2026-05-08T09:10:30.400Z","qos":1,"retain":true}
